c:\users\alzer\source\repos\keyboardtutorialsystem\keyboard tutorial system\debug\vc142.pdb
c:\users\alzer\source\repos\keyboardtutorialsystem\keyboard tutorial system\debug\vc142.idb
c:\users\alzer\source\repos\keyboardtutorialsystem\keyboard tutorial system\debug\application.obj
c:\users\alzer\source\repos\keyboardtutorialsystem\keyboard tutorial system\debug\main.obj
c:\users\alzer\source\repos\keyboardtutorialsystem\keyboard tutorial system\debug\canvas.obj
c:\users\alzer\source\repos\keyboardtutorialsystem\keyboard tutorial system\debug\utils.obj
c:\users\alzer\source\repos\keyboardtutorialsystem\keyboard tutorial system\debug\ttsvoicecallback.obj
c:\users\alzer\source\repos\keyboardtutorialsystem\keyboard tutorial system\debug\engine2d.obj
c:\users\alzer\source\repos\keyboardtutorialsystem\keyboard tutorial system\debug\texttospeech.obj
c:\users\alzer\source\repos\keyboardtutorialsystem\keyboard tutorial system\debug\graphicsapplication.obj
c:\users\alzer\source\repos\keyboardtutorialsystem\keyboard tutorial system\debug\label.obj
c:\users\alzer\source\repos\keyboardtutorialsystem\keyboard tutorial system\debug\keyboardtutorialsystem.obj
c:\users\alzer\source\repos\keyboardtutorialsystem\keyboard tutorial system\debug\drawable.obj
c:\users\alzer\source\repos\keyboardtutorialsystem\keyboard tutorial system\debug\keyboard tutorial system.pch
c:\users\alzer\source\repos\keyboardtutorialsystem\keyboard tutorial system\debug\stdafx.obj
c:\users\alzer\source\repos\keyboardtutorialsystem\keyboard tutorial system\debug\mouse.obj
c:\users\alzer\source\repos\keyboardtutorialsystem\keyboard tutorial system\debug\keyboard.obj
c:\users\alzer\source\repos\keyboardtutorialsystem\keyboard tutorial system\debug\graphics2d.obj
c:\users\alzer\source\repos\keyboardtutorialsystem\keyboard tutorial system\debug\exception.obj
c:\users\alzer\source\repos\keyboardtutorialsystem\keyboard tutorial system\debug\vcpkg.applocal.log
c:\users\alzer\source\repos\keyboardtutorialsystem\debug\keyboard tutorial system.exe
c:\users\alzer\source\repos\keyboardtutorialsystem\debug\keyboard tutorial system.ilk
c:\users\alzer\source\repos\keyboardtutorialsystem\debug\keyboard tutorial system.pdb
c:\users\alzer\source\repos\keyboardtutorialsystem\keyboard tutorial system\debug\resource.res
c:\users\alzer\source\repos\keyboardtutorialsystem\keyboard tutorial system\debug\keyboard.495f7700.tlog\cl.command.1.tlog
c:\users\alzer\source\repos\keyboardtutorialsystem\keyboard tutorial system\debug\keyboard.495f7700.tlog\cl.read.1.tlog
c:\users\alzer\source\repos\keyboardtutorialsystem\keyboard tutorial system\debug\keyboard.495f7700.tlog\cl.write.1.tlog
c:\users\alzer\source\repos\keyboardtutorialsystem\keyboard tutorial system\debug\keyboard.495f7700.tlog\keyboard tutorial system.write.1u.tlog
c:\users\alzer\source\repos\keyboardtutorialsystem\keyboard tutorial system\debug\keyboard.495f7700.tlog\link.14552.delete.1.tlog
c:\users\alzer\source\repos\keyboardtutorialsystem\keyboard tutorial system\debug\keyboard.495f7700.tlog\link.3976.delete.1.tlog
c:\users\alzer\source\repos\keyboardtutorialsystem\keyboard tutorial system\debug\keyboard.495f7700.tlog\link.9168.delete.1.tlog
c:\users\alzer\source\repos\keyboardtutorialsystem\keyboard tutorial system\debug\keyboard.495f7700.tlog\link.command.1.tlog
c:\users\alzer\source\repos\keyboardtutorialsystem\keyboard tutorial system\debug\keyboard.495f7700.tlog\link.delete.1.tlog
c:\users\alzer\source\repos\keyboardtutorialsystem\keyboard tutorial system\debug\keyboard.495f7700.tlog\link.read.1.tlog
c:\users\alzer\source\repos\keyboardtutorialsystem\keyboard tutorial system\debug\keyboard.495f7700.tlog\link.write.1.tlog
c:\users\alzer\source\repos\keyboardtutorialsystem\keyboard tutorial system\debug\keyboard.495f7700.tlog\rc.command.1.tlog
c:\users\alzer\source\repos\keyboardtutorialsystem\keyboard tutorial system\debug\keyboard.495f7700.tlog\rc.read.1.tlog
c:\users\alzer\source\repos\keyboardtutorialsystem\keyboard tutorial system\debug\keyboard.495f7700.tlog\rc.write.1.tlog
